#
# A fatal error has been detected by the Java Runtime Environment:
#
#  SIGSEGV (0xb) at pc=0x000000010c99f3bf, pid=79818, tid=0x000000000000e007
#
# JRE version: Java(TM) SE Runtime Environment (8.0_131-b11) (build 1.8.0_131-b11)
# Java VM: Java HotSpot(TM) 64-Bit Server VM (25.131-b11 mixed mode bsd-amd64 compressed oops)
# Problematic frame:
# C  [libawt_lwawt.dylib+0x1c3bf]  OGLSD_SetScratchSurface+0x49
#
# Failed to write core dump. Core dumps have been disabled. To enable core dumping, try "ulimit -c unlimited" before starting Java again
#
# If you would like to submit a bug report, please visit:
#   http://bugreport.java.com/bugreport/crash.jsp
# The crash happened outside the Java Virtual Machine in native code.
# See problematic frame for where to report the bug.
#

---------------  T H R E A D  ---------------

Current thread (0x00007fb58596f000):  JavaThread "Java2D Queue Flusher" daemon [_thread_in_native, id=57351, stack(0x0000700007f43000,0x0000700008043000)]

siginfo: si_signo: 11 (SIGSEGV), si_code: 1 (SEGV_MAPERR), si_addr: 0x0000000000000002

Registers:
RAX=0x00000000ffffffff, RBX=0x0000000000000002, RCX=0x0000000000000047, RDX=0x000000010c9c0258
RSP=0x0000700008042810, RBP=0x0000700008042830, RSI=0x00007fb58adf6960, RDI=0x00007fb58596f1f8
R8 =0x00007fb584779d40, R9 =0x00000000d801287e, R10=0x00000001103fa438, R11=0x0000000000000020
R12=0x0000000000000000, R13=0x00000006c00a5370, R14=0x00007fb58596f1f8, R15=0x00007fb58596f000
RIP=0x000000010c99f3bf, EFLAGS=0x0000000000010202, ERR=0x0000000000000004
  TRAPNO=0x000000000000000e

Top of Stack: (sp=0x0000700008042810)
0x0000700008042810:   00007fb58adf6960 0000000000000000
0x0000700008042820:   00007fb58599c010 00007fb58596f000
0x0000700008042830:   00007000080428b0 000000010c9bfd36
0x0000700008042840:   0000000000000064 00007fb584779498
0x0000700008042850:   00007000080428b0 0000000106150094
0x0000700008042860:   0000000000000005 00007fb58596f000
0x0000700008042870:   00000006c00a5301 00007fb58599c020
0x0000700008042880:   0000700000042800 00007fb58596f1f8
0x0000700008042890:   0000000000000000 0000000000000000
0x00007000080428a0:   0000700008042908 00007fb58596f000
0x00007000080428b0:   0000700008042900 00000001103fa4aa
0x00007000080428c0:   00000006c00943d8 0000700008042908
0x00007000080428d0:   00000001931d6850 0000000000000000
0x00007000080428e0:   00000001931d67e0 0000000000000000
0x00007000080428f0:   0000700008042910 00000000d801287b
0x0000700008042900:   00000000d801287b 00000001110186f0
0x0000700008042910:   00000006c00943d8 0000000100000000
0x0000700008042920:   00000006c00a5370 00000006c00a5370
0x0000700008042930:   0000700008042960 00007000080429d0
0x0000700008042940:   0000000000000001 0000000000000000
0x0000700008042950:   00007000080429d0 000000010fe327a7
0x0000700008042960:   00000006c0446de0 00000006c0446de0
0x0000700008042970:   0000700000001fa0 000000000000000a
0x0000700008042980:   00007fb58596f000 0000000000000001
0x0000700008042990:   000000010fe3271f 0000000108e64b48
0x00007000080429a0:   0000700008042a68 0000700008042d00
0x00007000080429b0:   000000010000000a 0000000108e64b48
0x00007000080429c0:   000000010fe45120 0000700008042c70
0x00007000080429d0:   0000700008042b80 00000001060ee5b6
0x00007000080429e0:   0000700000000001 00007fb58596f000
0x00007000080429f0:   00007fb58596f000 0000700008042d00
0x0000700008042a00:   00007fb584779490 000000010fe45120 

Instructions: (pc=0x000000010c99f3bf)
0x000000010c99f39f:   c0 e9 82 00 00 00 48 8b 5e 10 48 85 db 75 0e bf
0x000000010c99f3af:   01 00 00 00 48 8d 15 07 7c 03 00 eb d6 49 89 fe
0x000000010c99f3bf:   4c 8b 3b 30 c0 e8 c1 a6 02 00 49 8b 3f 49 89 c4
0x000000010c99f3cf:   48 8b 35 4a 03 06 00 30 c0 e8 0f a8 02 00 48 85 

Register to memory mapping:

RAX=0x00000000ffffffff is an unknown value
RBX=0x0000000000000002 is an unknown value
RCX=0x0000000000000047 is an unknown value
RDX=0x000000010c9c0258: Java_sun_java2d_opengl_OGLRenderQueue_flushBuffer+0xb5c in /Library/Java/JavaVirtualMachines/jdk1.8.0_131.jdk/Contents/Home/jre/lib/libawt_lwawt.dylib at 0x000000010c983000
RSP=0x0000700008042810 is pointing into the stack for thread: 0x00007fb58596f000
RBP=0x0000700008042830 is pointing into the stack for thread: 0x00007fb58596f000
RSI=0x00007fb58adf6960 is an unknown value
RDI=0x00007fb58596f1f8 is an unknown value
R8 =0x00007fb584779d40 is an unknown value
R9 =0x00000000d801287e is an unknown value
R10=0x00000001103fa438 is at entry_point+56 in (nmethod*)0x00000001103fa290
R11=0x0000000000000020 is an unknown value
R12=0x0000000000000000 is an unknown value
R13=0x00000006c00a5370 is an oop
sun.java2d.opengl.OGLRenderQueue$QueueFlusher 
 - klass: 'sun/java2d/opengl/OGLRenderQueue$QueueFlusher'
R14=0x00007fb58596f1f8 is an unknown value
R15=0x00007fb58596f000 is a thread


Stack: [0x0000700007f43000,0x0000700008043000],  sp=0x0000700008042810,  free space=1022k
Native frames: (J=compiled Java code, j=interpreted, Vv=VM code, C=native code)
C  [libawt_lwawt.dylib+0x1c3bf]  OGLSD_SetScratchSurface+0x49
C  [libawt_lwawt.dylib+0x3cd36]  Java_sun_java2d_opengl_OGLRenderQueue_flushBuffer+0x63a
J 1969  sun.java2d.opengl.OGLRenderQueue.flushBuffer(JI)V (0 bytes) @ 0x00000001103fa4aa [0x00000001103fa400+0xaa]
J 6416% C2 sun.java2d.opengl.OGLRenderQueue$QueueFlusher.run()V (234 bytes) @ 0x00000001110186f0 [0x0000000111018480+0x270]
v  ~StubRoutines::call_stub
V  [libjvm.dylib+0x2ee5b6]
V  [libjvm.dylib+0x2eed5a]
V  [libjvm.dylib+0x2eef06]
V  [libjvm.dylib+0x34965d]
V  [libjvm.dylib+0x56b87f]
V  [libjvm.dylib+0x56cf6c]
V  [libjvm.dylib+0x48b376]
C  [libsystem_pthread.dylib+0x393b]  _pthread_body+0xb4
C  [libsystem_pthread.dylib+0x3887]  _pthread_body+0x0
C  [libsystem_pthread.dylib+0x308d]  thread_start+0xd
C  0x0000000000000000

Java frames: (J=compiled Java code, j=interpreted, Vv=VM code)
J 1969  sun.java2d.opengl.OGLRenderQueue.flushBuffer(JI)V (0 bytes) @ 0x00000001103fa438 [0x00000001103fa400+0x38]
J 6416% C2 sun.java2d.opengl.OGLRenderQueue$QueueFlusher.run()V (234 bytes) @ 0x00000001110186f0 [0x0000000111018480+0x270]
v  ~StubRoutines::call_stub

---------------  P R O C E S S  ---------------

Java Threads: ( => current thread )
  0x00007fb584d87800 JavaThread "Service Status Monitor" [_thread_blocked, id=36887, stack(0x0000700007e40000,0x0000700007f40000)]
  0x00007fb5862ec800 JavaThread "Thread-1" [_thread_blocked, id=28623, stack(0x0000700007c34000,0x0000700007d34000)]
  0x00007fb584808800 JavaThread "DestroyJavaVM" [_thread_blocked, id=7171, stack(0x0000700006775000,0x0000700006875000)]
  0x00007fb584b2e800 JavaThread "TimerQueue" daemon [_thread_blocked, id=72499, stack(0x0000700008352000,0x0000700008452000)]
  0x00007fb5851d9000 JavaThread "AWT-EventQueue-0" [_thread_blocked, id=60931, stack(0x0000700008149000,0x0000700008249000)]
  0x00007fb5849f8000 JavaThread "Java2D Disposer" daemon [_thread_blocked, id=60431, stack(0x0000700008046000,0x0000700008146000)]
=>0x00007fb58596f000 JavaThread "Java2D Queue Flusher" daemon [_thread_in_native, id=57351, stack(0x0000700007f43000,0x0000700008043000)]
  0x00007fb585199800 JavaThread "AWT-Shutdown" [_thread_blocked, id=32287, stack(0x0000700007b31000,0x0000700007c31000)]
  0x00007fb58594a800 JavaThread "AppKit Thread" daemon [_thread_in_native, id=775, stack(0x00007fff5a6e4000,0x00007fff5aee4000)]
  0x00007fb58582b000 JavaThread "Service Thread" daemon [_thread_blocked, id=21251, stack(0x00007000078a8000,0x00007000079a8000)]
  0x00007fb58582a800 JavaThread "C1 CompilerThread3" daemon [_thread_blocked, id=20739, stack(0x00007000077a5000,0x00007000078a5000)]
  0x00007fb584803000 JavaThread "C2 CompilerThread2" daemon [_thread_blocked, id=20227, stack(0x00007000076a2000,0x00007000077a2000)]
  0x00007fb586026800 JavaThread "C2 CompilerThread1" daemon [_thread_blocked, id=19715, stack(0x000070000759f000,0x000070000769f000)]
  0x00007fb585051000 JavaThread "C2 CompilerThread0" daemon [_thread_blocked, id=19203, stack(0x000070000749c000,0x000070000759c000)]
  0x00007fb585015000 JavaThread "Signal Dispatcher" daemon [_thread_blocked, id=18691, stack(0x0000700007399000,0x0000700007499000)]
  0x00007fb58580c800 JavaThread "Finalizer" daemon [_thread_blocked, id=14595, stack(0x0000700007296000,0x0000700007396000)]
  0x00007fb58580a000 JavaThread "Reference Handler" daemon [_thread_blocked, id=14083, stack(0x0000700007193000,0x0000700007293000)]

Other Threads:
  0x00007fb585009000 VMThread [stack: 0x0000700007090000,0x0000700007190000] [id=13571]
  0x00007fb586024000 WatcherThread [stack: 0x00007000079ab000,0x0000700007aab000] [id=21763]

VM state:not at safepoint (normal execution)

VM Mutex/Monitor currently owned by a thread: None

Heap:
 PSYoungGen      total 77312K, used 2380K [0x000000076ab00000, 0x0000000772900000, 0x00000007c0000000)
  eden space 49152K, 4% used [0x000000076ab00000,0x000000076ad533b8,0x000000076db00000)
  from space 28160K, 0% used [0x000000076fe80000,0x000000076fe80000,0x0000000771a00000)
  to   space 36352K, 0% used [0x000000076db00000,0x000000076db00000,0x000000076fe80000)
 ParOldGen       total 123904K, used 40704K [0x00000006c0000000, 0x00000006c7900000, 0x000000076ab00000)
  object space 123904K, 32% used [0x00000006c0000000,0x00000006c27c0140,0x00000006c7900000)
 Metaspace       used 25618K, capacity 25992K, committed 26288K, reserved 1073152K
  class space    used 3001K, capacity 3107K, committed 3248K, reserved 1048576K

Card table byte_map: [0x0000000107198000,0x0000000107999000] byte_map_base: 0x0000000103b98000

Marking Bits: (ParMarkBitMap*) 0x00000001066f1ea0
 Begin Bits: [0x000000011ee32000, 0x0000000122e32000)
 End Bits:   [0x0000000122e32000, 0x0000000126e32000)

Polling page: 0x0000000104dd9000

CodeCache: size=245760Kb used=19079Kb max_used=19334Kb free=226680Kb
 bounds [0x000000010fe32000, 0x0000000111132000, 0x000000011ee32000]
 total_blobs=6016 nmethods=5370 adapters=557
 compilation: enabled

Compilation events (10 events):
Event: 37837.456 Thread 0x00007fb58582a800 6589       3       javax.swing.plaf.basic.BasicLabelUI::getMaximumSize (44 bytes)
Event: 37837.456 Thread 0x00007fb58582a800 nmethod 6589 0x0000000110864d10 code [0x0000000110864ec0, 0x00000001108654b8]
Event: 37837.458 Thread 0x00007fb58582a800 6588       3       com.apple.laf.AquaTabbedPaneUI::getTabInsets (45 bytes)
Event: 37837.458 Thread 0x00007fb58582a800 nmethod 6588 0x000000010ff4d350 code [0x000000010ff4d580, 0x000000010ff4dff8]
Event: 37837.840 Thread 0x00007fb585051000 6590   !   4       java.lang.ref.ReferenceQueue::enqueue (119 bytes)
Event: 37837.840 Thread 0x00007fb58582a800 6591   !   3       java.lang.ref.Reference::tryHandlePending (115 bytes)
Event: 37837.843 Thread 0x00007fb58582a800 nmethod 6591 0x0000000110f69790 code [0x0000000110f699c0, 0x0000000110f6a668]
Event: 37837.845 Thread 0x00007fb585051000 nmethod 6590 0x000000011032d3d0 code [0x000000011032d540, 0x000000011032da28]
Event: 37837.846 Thread 0x00007fb58582a800 6592       1       javax.swing.DefaultSingleSelectionModel::getSelectedIndex (5 bytes)
Event: 37837.846 Thread 0x00007fb58582a800 nmethod 6592 0x0000000110409890 code [0x00000001104099e0, 0x0000000110409af0]

GC Heap History (10 events):
Event: 2369.277 GC heap before
{Heap before GC invocations=10 (full 1):
 PSYoungGen      total 80896K, used 78729K [0x000000076ab00000, 0x0000000771100000, 0x00000007c0000000)
  eden space 60416K, 100% used [0x000000076ab00000,0x000000076e600000,0x000000076e600000)
  from space 20480K, 89% used [0x000000076fd00000,0x0000000770ee25d8,0x0000000771100000)
  to   space 22016K, 0% used [0x000000076e600000,0x000000076e600000,0x000000076fb80000)
 ParOldGen       total 81408K, used 47766K [0x00000006c0000000, 0x00000006c4f80000, 0x000000076ab00000)
  object space 81408K, 58% used [0x00000006c0000000,0x00000006c2ea5bc0,0x00000006c4f80000)
 Metaspace       used 24473K, capacity 24932K, committed 25136K, reserved 1071104K
  class space    used 2883K, capacity 3019K, committed 3120K, reserved 1048576K
Event: 2369.288 GC heap after
Heap after GC invocations=10 (full 1):
 PSYoungGen      total 79872K, used 20027K [0x000000076ab00000, 0x0000000771000000, 0x00000007c0000000)
  eden space 59392K, 0% used [0x000000076ab00000,0x000000076ab00000,0x000000076e500000)
  from space 20480K, 97% used [0x000000076e600000,0x000000076f98eef8,0x000000076fa00000)
  to   space 22016K, 0% used [0x000000076fa80000,0x000000076fa80000,0x0000000771000000)
 ParOldGen       total 81408K, used 47774K [0x00000006c0000000, 0x00000006c4f80000, 0x000000076ab00000)
  object space 81408K, 58% used [0x00000006c0000000,0x00000006c2ea7bc0,0x00000006c4f80000)
 Metaspace       used 24473K, capacity 24932K, committed 25136K, reserved 1071104K
  class space    used 2883K, capacity 3019K, committed 3120K, reserved 1048576K
}
Event: 11397.107 GC heap before
{Heap before GC invocations=11 (full 1):
 PSYoungGen      total 79872K, used 78500K [0x000000076ab00000, 0x0000000771000000, 0x00000007c0000000)
  eden space 59392K, 98% used [0x000000076ab00000,0x000000076e41a318,0x000000076e500000)
  from space 20480K, 97% used [0x000000076e600000,0x000000076f98eef8,0x000000076fa00000)
  to   space 22016K, 0% used [0x000000076fa80000,0x000000076fa80000,0x0000000771000000)
 ParOldGen       total 81408K, used 47774K [0x00000006c0000000, 0x00000006c4f80000, 0x000000076ab00000)
  object space 81408K, 58% used [0x00000006c0000000,0x00000006c2ea7bc0,0x00000006c4f80000)
 Metaspace       used 25138K, capacity 25592K, committed 25648K, reserved 1071104K
  class space    used 2961K, capacity 3089K, committed 3120K, reserved 1048576K
Event: 11397.160 GC heap after
Heap after GC invocations=11 (full 1):
 PSYoungGen      total 80384K, used 14241K [0x000000076ab00000, 0x0000000771000000, 0x00000007c0000000)
  eden space 58368K, 0% used [0x000000076ab00000,0x000000076ab00000,0x000000076e400000)
  from space 22016K, 64% used [0x000000076fa80000,0x0000000770868630,0x0000000771000000)
  to   space 22528K, 0% used [0x000000076e400000,0x000000076e400000,0x000000076fa00000)
 ParOldGen       total 81408K, used 47782K [0x00000006c0000000, 0x00000006c4f80000, 0x000000076ab00000)
  object space 81408K, 58% used [0x00000006c0000000,0x00000006c2ea9bc0,0x00000006c4f80000)
 Metaspace       used 25138K, capacity 25592K, committed 25648K, reserved 1071104K
  class space    used 2961K, capacity 3089K, committed 3120K, reserved 1048576K
}
Event: 13537.800 GC heap before
{Heap before GC invocations=12 (full 1):
 PSYoungGen      total 80384K, used 72606K [0x000000076ab00000, 0x0000000771000000, 0x00000007c0000000)
  eden space 58368K, 99% used [0x000000076ab00000,0x000000076e3ff598,0x000000076e400000)
  from space 22016K, 64% used [0x000000076fa80000,0x0000000770868630,0x0000000771000000)
  to   space 22528K, 0% used [0x000000076e400000,0x000000076e400000,0x000000076fa00000)
 ParOldGen       total 81408K, used 47782K [0x00000006c0000000, 0x00000006c4f80000, 0x000000076ab00000)
  object space 81408K, 58% used [0x00000006c0000000,0x00000006c2ea9bc0,0x00000006c4f80000)
 Metaspace       used 25522K, capacity 26042K, committed 26288K, reserved 1073152K
  class space    used 3005K, capacity 3130K, committed 3248K, reserved 1048576K
Event: 13537.856 GC heap after
Heap after GC invocations=12 (full 1):
 PSYoungGen      total 79872K, used 22511K [0x000000076ab00000, 0x0000000771a00000, 0x00000007c0000000)
  eden space 57344K, 0% used [0x000000076ab00000,0x000000076ab00000,0x000000076e300000)
  from space 22528K, 99% used [0x000000076e400000,0x000000076f9fbdf0,0x000000076fa00000)
  to   space 28160K, 0% used [0x000000076fe80000,0x000000076fe80000,0x0000000771a00000)
 ParOldGen       total 81408K, used 58986K [0x00000006c0000000, 0x00000006c4f80000, 0x000000076ab00000)
  object space 81408K, 72% used [0x00000006c0000000,0x00000006c399a940,0x00000006c4f80000)
 Metaspace       used 25522K, capacity 26042K, committed 26288K, reserved 1073152K
  class space    used 3005K, capacity 3130K, committed 3248K, reserved 1048576K
}
Event: 37837.469 GC heap before
{Heap before GC invocations=13 (full 1):
 PSYoungGen      total 79872K, used 78681K [0x000000076ab00000, 0x0000000771a00000, 0x00000007c0000000)
  eden space 57344K, 97% used [0x000000076ab00000,0x000000076e1da978,0x000000076e300000)
  from space 22528K, 99% used [0x000000076e400000,0x000000076f9fbdf0,0x000000076fa00000)
  to   space 28160K, 0% used [0x000000076fe80000,0x000000076fe80000,0x0000000771a00000)
 ParOldGen       total 81408K, used 58986K [0x00000006c0000000, 0x00000006c4f80000, 0x000000076ab00000)
  object space 81408K, 72% used [0x00000006c0000000,0x00000006c399a940,0x00000006c4f80000)
 Metaspace       used 25695K, capacity 26106K, committed 26288K, reserved 1073152K
  class space    used 3014K, capacity 3130K, committed 3248K, reserved 1048576K
Event: 37837.613 GC heap after
Heap after GC invocations=13 (full 1):
 PSYoungGen      total 77312K, used 28154K [0x000000076ab00000, 0x0000000772900000, 0x00000007c0000000)
  eden space 49152K, 0% used [0x000000076ab00000,0x000000076ab00000,0x000000076db00000)
  from space 28160K, 99% used [0x000000076fe80000,0x00000007719feb78,0x0000000771a00000)
  to   space 36352K, 0% used [0x000000076db00000,0x000000076db00000,0x000000076fe80000)
 ParOldGen       total 81408K, used 75687K [0x00000006c0000000, 0x00000006c4f80000, 0x000000076ab00000)
  object space 81408K, 92% used [0x00000006c0000000,0x00000006c49e9d50,0x00000006c4f80000)
 Metaspace       used 25695K, capacity 26106K, committed 26288K, reserved 1073152K
  class space    used 3014K, capacity 3130K, committed 3248K, reserved 1048576K
}
Event: 37837.613 GC heap before
{Heap before GC invocations=14 (full 2):
 PSYoungGen      total 77312K, used 28154K [0x000000076ab00000, 0x0000000772900000, 0x00000007c0000000)
  eden space 49152K, 0% used [0x000000076ab00000,0x000000076ab00000,0x000000076db00000)
  from space 28160K, 99% used [0x000000076fe80000,0x00000007719feb78,0x0000000771a00000)
  to   space 36352K, 0% used [0x000000076db00000,0x000000076db00000,0x000000076fe80000)
 ParOldGen       total 81408K, used 75687K [0x00000006c0000000, 0x00000006c4f80000, 0x000000076ab00000)
  object space 81408K, 92% used [0x00000006c0000000,0x00000006c49e9d50,0x00000006c4f80000)
 Metaspace       used 25695K, capacity 26106K, committed 26288K, reserved 1073152K
  class space    used 3014K, capacity 3130K, committed 3248K, reserved 1048576K
Event: 37837.840 GC heap after
Heap after GC invocations=14 (full 2):
 PSYoungGen      total 77312K, used 0K [0x000000076ab00000, 0x0000000772900000, 0x00000007c0000000)
  eden space 49152K, 0% used [0x000000076ab00000,0x000000076ab00000,0x000000076db00000)
  from space 28160K, 0% used [0x000000076fe80000,0x000000076fe80000,0x0000000771a00000)
  to   space 36352K, 0% used [0x000000076db00000,0x000000076db00000,0x000000076fe80000)
 ParOldGen       total 123904K, used 40704K [0x00000006c0000000, 0x00000006c7900000, 0x000000076ab00000)
  object space 123904K, 32% used [0x00000006c0000000,0x00000006c27c0140,0x00000006c7900000)
 Metaspace       used 25617K, capacity 25992K, committed 26288K, reserved 1073152K
  class space    used 3001K, capacity 3107K, committed 3248K, reserved 1048576K
}

Deoptimization events (10 events):
Event: 30165.298 Thread 0x00007fb5851d9000 Uncommon trap: reason=bimorphic action=maybe_recompile pc=0x000000011021826c method=java.awt.Component.getBackground()Ljava/awt/Color; @ 21
Event: 30165.303 Thread 0x00007fb5851d9000 Uncommon trap: reason=unstable_if action=reinterpret pc=0x00000001110345e0 method=sun.awt.AppContext.getSoftReferenceValue(Ljava/lang/Object;Ljava/util/function/Supplier;)Ljava/lang/Object; @ 25
Event: 30166.930 Thread 0x00007fb5851d9000 Uncommon trap: reason=class_check action=maybe_recompile pc=0x00000001104d7f08 method=sun.java2d.opengl.OGLTextRenderer.validateContext(Lsun/java2d/SunGraphics2D;Ljava/awt/Composite;)V @ 4
Event: 30166.983 Thread 0x00007fb5851d9000 Uncommon trap: reason=class_check action=maybe_recompile pc=0x00000001104d7f08 method=sun.java2d.opengl.OGLTextRenderer.validateContext(Lsun/java2d/SunGraphics2D;Ljava/awt/Composite;)V @ 4
Event: 30171.007 Thread 0x00007fb5851d9000 Uncommon trap: reason=null_check action=make_not_entrant pc=0x0000000110ed00e8 method=sun.font.Font2D.getStrike(Lsun/font/FontStrikeDesc;Z)Lsun/font/FontStrike; @ 7
Event: 37796.353 Thread 0x00007fb5851d9000 Uncommon trap: reason=unstable_if action=reinterpret pc=0x00000001103afd5c method=javax.swing.text.Utilities.getTabbedTextOffset(Ljavax/swing/text/View;Ljavax/swing/text/Segment;Ljava/awt/FontMetrics;IILjavax/swing/text/TabExpander;IZ[I)I @ 145
Event: 37796.354 Thread 0x00007fb5851d9000 Uncommon trap: reason=unstable_if action=reinterpret pc=0x000000011079d71c method=javax.swing.text.Utilities.drawTabbedText(Ljavax/swing/text/View;Ljavax/swing/text/Segment;IILjava/awt/Graphics;Ljavax/swing/text/TabExpander;I[I)I @ 153
Event: 37809.887 Thread 0x00007fb5862ec800 Uncommon trap: reason=unstable_if action=reinterpret pc=0x00000001110c9ae4 method=arc.xml.xpath.XPath.a(Ljava/lang/String;)Larc/xml/xpath/XPath; @ 12
Event: 37809.904 Thread 0x00007fb5862ec800 Uncommon trap: reason=null_assert action=make_not_entrant pc=0x0000000110a91754 method=arc.xml.xpath.XPath.a(Larc/rh;IZLjava/lang/String;)Larc/rj; @ 104
Event: 37837.840 Thread 0x00007fb58580a000 Uncommon trap: reason=unstable_if action=reinterpret pc=0x00000001108b4748 method=java.lang.ref.Reference.tryHandlePending(Z)Z @ 20

Internal exceptions (10 events):
Event: 4.109 Thread 0x00007fb58580c800 Exception <a 'java/lang/NullPointerException'> (0x000000076ad1ab30) thrown at [/Users/java_re/workspace/8-2-build-macosx-x86_64/jdk8u131/8869/hotspot/src/share/vm/interpreter/linkResolver.cpp, line 1197]
Event: 207.571 Thread 0x00007fb5851d9000 Implicit null exception at 0x000000010ffad11c to 0x000000010ffad24d
Event: 8422.223 Thread 0x00007fb58594a800 Implicit null exception at 0x00000001107f8320 to 0x00000001107f9645
Event: 8686.956 Thread 0x00007fb58594a800 Implicit null exception at 0x0000000110ec63cb to 0x0000000110ec7159
Event: 9751.725 Thread 0x00007fb5851d9000 Implicit null exception at 0x000000011052fef0 to 0x0000000110530109
Event: 11397.038 Thread 0x00007fb5851d9000 Exception <a 'java/net/SocketException'> (0x000000076e364760) thrown at [/Users/java_re/workspace/8-2-build-macosx-x86_64/jdk8u131/8869/hotspot/src/share/vm/prims/jni.cpp, line 709]
Event: 11399.470 Thread 0x00007fb5851d9000 Implicit null exception at 0x0000000110806035 to 0x000000011080a4d6
Event: 11420.091 Thread 0x00007fb5851d9000 Implicit null exception at 0x0000000110ff31fa to 0x0000000110ff4925
Event: 30171.007 Thread 0x00007fb5851d9000 Implicit null exception at 0x0000000110ecf857 to 0x0000000110ed00d9
Event: 37837.373 Thread 0x00007fb5862ec800 Exception <a 'java/net/SocketException'> (0x000000076e0e4ee0) thrown at [/Users/java_re/workspace/8-2-build-macosx-x86_64/jdk8u131/8869/hotspot/src/share/vm/prims/jni.cpp, line 709]

Events (10 events):
Event: 37837.842 Executing VM operation: RevokeBias done
Event: 37837.843 Thread 0x00007fb58582a800 flushing nmethod 0x000000011032d3d0
Event: 37837.845 Thread 0x00007fb585051000 flushing nmethod 0x00000001103ce3d0
Event: 37837.846 Thread 0x00007fb585051000 flushing nmethod 0x00000001103ef110
Event: 37837.846 Thread 0x00007fb585051000 flushing nmethod 0x00000001103f3150
Event: 37837.846 Thread 0x00007fb585051000 flushing nmethod 0x00000001103fd2d0
Event: 37837.846 Executing VM operation: RevokeBias
Event: 37837.846 Executing VM operation: RevokeBias done
Event: 37837.846 Thread 0x00007fb585051000 flushing nmethod 0x00000001104486d0
Event: 37837.846 Thread 0x00007fb585051000 flushing nmethod 0x0000000110451a90


Dynamic libraries:
0x000000001c959000 	/System/Library/Frameworks/Cocoa.framework/Versions/A/Cocoa
0x000000001c959000 	/System/Library/Frameworks/Security.framework/Versions/A/Security
0x000000001c959000 	/System/Library/Frameworks/ApplicationServices.framework/Versions/A/ApplicationServices
0x000000001c959000 	/usr/lib/libz.1.dylib
0x000000001c959000 	/usr/lib/libSystem.B.dylib
0x000000001c959000 	/usr/lib/libobjc.A.dylib
0x000000001c959000 	/System/Library/Frameworks/CoreFoundation.framework/Versions/A/CoreFoundation
0x000000001c959000 	/System/Library/Frameworks/Foundation.framework/Versions/C/Foundation
0x000000001c959000 	/System/Library/Frameworks/AppKit.framework/Versions/C/AppKit
0x000000001c959000 	/System/Library/Frameworks/CoreData.framework/Versions/A/CoreData
0x000000001c959000 	/System/Library/PrivateFrameworks/RemoteViewServices.framework/Versions/A/RemoteViewServices
0x000000001c959000 	/System/Library/PrivateFrameworks/UIFoundation.framework/Versions/A/UIFoundation
0x000000001c959000 	/System/Library/PrivateFrameworks/DFRFoundation.framework/Versions/A/DFRFoundation
0x000000001c959000 	/usr/lib/libenergytrace.dylib
0x000000001c959000 	/System/Library/PrivateFrameworks/SkyLight.framework/Versions/A/SkyLight
0x000000001c959000 	/System/Library/Frameworks/CoreGraphics.framework/Versions/A/CoreGraphics
0x000000001c959000 	/usr/lib/libScreenReader.dylib
0x000000001c959000 	/System/Library/Frameworks/Accelerate.framework/Versions/A/Accelerate
0x000000001c959000 	/System/Library/Frameworks/IOSurface.framework/Versions/A/IOSurface
0x000000001c959000 	/System/Library/Frameworks/AudioToolbox.framework/Versions/A/AudioToolbox
0x000000001c959000 	/System/Library/Frameworks/AudioUnit.framework/Versions/A/AudioUnit
0x000000001c959000 	/System/Library/PrivateFrameworks/DataDetectorsCore.framework/Versions/A/DataDetectorsCore
0x000000001c959000 	/System/Library/PrivateFrameworks/DesktopServicesPriv.framework/Versions/A/DesktopServicesPriv
0x000000001c959000 	/System/Library/Frameworks/Carbon.framework/Versions/A/Frameworks/HIToolbox.framework/Versions/A/HIToolbox
0x000000001c959000 	/usr/lib/libicucore.A.dylib
0x000000001c959000 	/System/Library/Frameworks/QuartzCore.framework/Versions/A/QuartzCore
0x000000001c959000 	/System/Library/Frameworks/Carbon.framework/Versions/A/Frameworks/SpeechRecognition.framework/Versions/A/SpeechRecognition
0x000000001c959000 	/usr/lib/libauto.dylib
0x000000001c959000 	/usr/lib/libxml2.2.dylib
0x000000001c959000 	/System/Library/PrivateFrameworks/CoreUI.framework/Versions/A/CoreUI
0x000000001c959000 	/System/Library/Frameworks/CoreAudio.framework/Versions/A/CoreAudio
0x000000001c959000 	/System/Library/Frameworks/DiskArbitration.framework/Versions/A/DiskArbitration
0x000000001c959000 	/usr/lib/liblangid.dylib
0x000000001c959000 	/System/Library/PrivateFrameworks/MultitouchSupport.framework/Versions/A/MultitouchSupport
0x000000001c959000 	/System/Library/Frameworks/IOKit.framework/Versions/A/IOKit
0x000000001c959000 	/usr/lib/libDiagnosticMessagesClient.dylib
0x000000001c959000 	/System/Library/Frameworks/CoreServices.framework/Versions/A/CoreServices
0x000000001c959000 	/System/Library/PrivateFrameworks/PerformanceAnalysis.framework/Versions/A/PerformanceAnalysis
0x000000001c959000 	/System/Library/PrivateFrameworks/GenerationalStorage.framework/Versions/A/GenerationalStorage
0x000000001c959000 	/System/Library/Frameworks/OpenGL.framework/Versions/A/OpenGL
0x000000001c959000 	/System/Library/Frameworks/CoreImage.framework/Versions/A/CoreImage
0x000000001c959000 	/System/Library/Frameworks/CoreText.framework/Versions/A/CoreText
0x000000001c959000 	/System/Library/Frameworks/ImageIO.framework/Versions/A/ImageIO
0x000000001c959000 	/System/Library/PrivateFrameworks/Backup.framework/Versions/A/Backup
0x000000001c959000 	/usr/lib/libarchive.2.dylib
0x000000001c959000 	/System/Library/Frameworks/CFNetwork.framework/Versions/A/CFNetwork
0x000000001c959000 	/System/Library/Frameworks/SystemConfiguration.framework/Versions/A/SystemConfiguration
0x000000001c959000 	/usr/lib/libCRFSuite.dylib
0x000000001c959000 	/usr/lib/libc++.1.dylib
0x000000001c959000 	/usr/lib/libc++abi.dylib
0x000000001c959000 	/usr/lib/system/libcache.dylib
0x000000001c959000 	/usr/lib/system/libcommonCrypto.dylib
0x000000001c959000 	/usr/lib/system/libcompiler_rt.dylib
0x000000001c959000 	/usr/lib/system/libcopyfile.dylib
0x000000001c959000 	/usr/lib/system/libcorecrypto.dylib
0x000000001c959000 	/usr/lib/system/libdispatch.dylib
0x000000001c959000 	/usr/lib/system/libdyld.dylib
0x000000001c959000 	/usr/lib/system/libkeymgr.dylib
0x000000001c959000 	/usr/lib/system/liblaunch.dylib
0x000000001c959000 	/usr/lib/system/libmacho.dylib
0x000000001c959000 	/usr/lib/system/libquarantine.dylib
0x000000001c959000 	/usr/lib/system/libremovefile.dylib
0x000000001c959000 	/usr/lib/system/libsystem_asl.dylib
0x000000001c959000 	/usr/lib/system/libsystem_blocks.dylib
0x000000001c959000 	/usr/lib/system/libsystem_c.dylib
0x000000001c959000 	/usr/lib/system/libsystem_configuration.dylib
0x000000001c959000 	/usr/lib/system/libsystem_coreservices.dylib
0x000000001c959000 	/usr/lib/system/libsystem_coretls.dylib
0x000000001c959000 	/usr/lib/system/libsystem_dnssd.dylib
0x000000001c959000 	/usr/lib/system/libsystem_info.dylib
0x000000001c959000 	/usr/lib/system/libsystem_kernel.dylib
0x000000001c959000 	/usr/lib/system/libsystem_m.dylib
0x000000001c959000 	/usr/lib/system/libsystem_malloc.dylib
0x000000001c959000 	/usr/lib/system/libsystem_network.dylib
0x000000001c959000 	/usr/lib/system/libsystem_networkextension.dylib
0x000000001c959000 	/usr/lib/system/libsystem_notify.dylib
0x000000001c959000 	/usr/lib/system/libsystem_platform.dylib
0x000000001c959000 	/usr/lib/system/libsystem_pthread.dylib
0x000000001c959000 	/usr/lib/system/libsystem_sandbox.dylib
0x000000001c959000 	/usr/lib/system/libsystem_secinit.dylib
0x000000001c959000 	/usr/lib/system/libsystem_symptoms.dylib
0x000000001c959000 	/usr/lib/system/libsystem_trace.dylib
0x000000001c959000 	/usr/lib/system/libunwind.dylib
0x000000001c959000 	/usr/lib/system/libxpc.dylib
0x000000001c959000 	/usr/lib/libbsm.0.dylib
0x000000001c959000 	/usr/lib/system/libkxld.dylib
0x000000001c959000 	/usr/lib/libcoretls.dylib
0x000000001c959000 	/usr/lib/libcoretls_cfhelpers.dylib
0x000000001c959000 	/usr/lib/libOpenScriptingUtil.dylib
0x000000001c959000 	/usr/lib/libpam.2.dylib
0x000000001c959000 	/usr/lib/libsqlite3.dylib
0x000000001c959000 	/usr/lib/libxar.1.dylib
0x000000001c959000 	/usr/lib/libbz2.1.0.dylib
0x000000001c959000 	/usr/lib/liblzma.5.dylib
0x000000001c959000 	/usr/lib/libnetwork.dylib
0x000000001c959000 	/usr/lib/libpcap.A.dylib
0x000000001c959000 	/System/Library/Frameworks/CoreServices.framework/Versions/A/Frameworks/FSEvents.framework/Versions/A/FSEvents
0x000000001c959000 	/System/Library/Frameworks/CoreServices.framework/Versions/A/Frameworks/CarbonCore.framework/Versions/A/CarbonCore
0x000000001c959000 	/System/Library/Frameworks/CoreServices.framework/Versions/A/Frameworks/Metadata.framework/Versions/A/Metadata
0x000000001c959000 	/System/Library/Frameworks/CoreServices.framework/Versions/A/Frameworks/OSServices.framework/Versions/A/OSServices
0x000000001c959000 	/System/Library/Frameworks/CoreServices.framework/Versions/A/Frameworks/SearchKit.framework/Versions/A/SearchKit
0x000000001c959000 	/System/Library/Frameworks/CoreServices.framework/Versions/A/Frameworks/AE.framework/Versions/A/AE
0x000000001c959000 	/System/Library/Frameworks/CoreServices.framework/Versions/A/Frameworks/LaunchServices.framework/Versions/A/LaunchServices
0x000000001c959000 	/System/Library/Frameworks/CoreServices.framework/Versions/A/Frameworks/DictionaryServices.framework/Versions/A/DictionaryServices
0x000000001c959000 	/System/Library/Frameworks/CoreServices.framework/Versions/A/Frameworks/SharedFileList.framework/Versions/A/SharedFileList
0x000000001c959000 	/System/Library/Frameworks/NetFS.framework/Versions/A/NetFS
0x000000001c959000 	/System/Library/PrivateFrameworks/NetAuth.framework/Versions/A/NetAuth
0x000000001c959000 	/System/Library/PrivateFrameworks/login.framework/Versions/A/Frameworks/loginsupport.framework/Versions/A/loginsupport
0x000000001c959000 	/System/Library/PrivateFrameworks/TCC.framework/Versions/A/TCC
0x000000001c959000 	/usr/lib/libmecabra.dylib
0x000000001c959000 	/System/Library/Frameworks/ApplicationServices.framework/Versions/A/Frameworks/ATS.framework/Versions/A/ATS
0x000000001c959000 	/System/Library/Frameworks/ApplicationServices.framework/Versions/A/Frameworks/ColorSync.framework/Versions/A/ColorSync
0x000000001c959000 	/System/Library/Frameworks/ApplicationServices.framework/Versions/A/Frameworks/HIServices.framework/Versions/A/HIServices
0x000000001c959000 	/System/Library/Frameworks/ApplicationServices.framework/Versions/A/Frameworks/LangAnalysis.framework/Versions/A/LangAnalysis
0x000000001c959000 	/System/Library/Frameworks/ApplicationServices.framework/Versions/A/Frameworks/PrintCore.framework/Versions/A/PrintCore
0x000000001c959000 	/System/Library/Frameworks/ApplicationServices.framework/Versions/A/Frameworks/QD.framework/Versions/A/QD
0x000000001c959000 	/System/Library/Frameworks/ApplicationServices.framework/Versions/A/Frameworks/SpeechSynthesis.framework/Versions/A/SpeechSynthesis
0x000000001c959000 	/System/Library/Frameworks/Accelerate.framework/Versions/A/Frameworks/vImage.framework/Versions/A/vImage
0x000000001c959000 	/System/Library/Frameworks/Accelerate.framework/Versions/A/Frameworks/vecLib.framework/Versions/A/vecLib
0x000000001c959000 	/System/Library/Frameworks/Accelerate.framework/Versions/A/Frameworks/vecLib.framework/Versions/A/libvDSP.dylib
0x000000001c959000 	/System/Library/Frameworks/Accelerate.framework/Versions/A/Frameworks/vecLib.framework/Versions/A/libBNNS.dylib
0x000000001c959000 	/System/Library/Frameworks/Accelerate.framework/Versions/A/Frameworks/vecLib.framework/Versions/A/libQuadrature.dylib
0x000000001c959000 	/System/Library/Frameworks/Accelerate.framework/Versions/A/Frameworks/vecLib.framework/Versions/A/libvMisc.dylib
0x000000001c959000 	/System/Library/Frameworks/Accelerate.framework/Versions/A/Frameworks/vecLib.framework/Versions/A/libLAPACK.dylib
0x000000001c959000 	/System/Library/Frameworks/Accelerate.framework/Versions/A/Frameworks/vecLib.framework/Versions/A/libBLAS.dylib
0x000000001c959000 	/System/Library/Frameworks/Accelerate.framework/Versions/A/Frameworks/vecLib.framework/Versions/A/libLinearAlgebra.dylib
0x000000001c959000 	/System/Library/Frameworks/Accelerate.framework/Versions/A/Frameworks/vecLib.framework/Versions/A/libSparseBLAS.dylib
0x000000001c959000 	/System/Library/Frameworks/ApplicationServices.framework/Versions/A/Frameworks/ATS.framework/Versions/A/Resources/libFontParser.dylib
0x000000001c959000 	/System/Library/Frameworks/ApplicationServices.framework/Versions/A/Frameworks/ATS.framework/Versions/A/Resources/libFontRegistry.dylib
0x000000001c959000 	/System/Library/Frameworks/ImageIO.framework/Versions/A/Resources/libJPEG.dylib
0x000000001c959000 	/System/Library/Frameworks/ImageIO.framework/Versions/A/Resources/libTIFF.dylib
0x000000001c959000 	/System/Library/Frameworks/ImageIO.framework/Versions/A/Resources/libPng.dylib
0x000000001c959000 	/System/Library/Frameworks/ImageIO.framework/Versions/A/Resources/libGIF.dylib
0x000000001c959000 	/System/Library/Frameworks/ImageIO.framework/Versions/A/Resources/libJP2.dylib
0x000000001c959000 	/System/Library/Frameworks/ImageIO.framework/Versions/A/Resources/libRadiance.dylib
0x000000001c959000 	/usr/lib/libcompression.dylib
0x000000001c959000 	/System/Library/PrivateFrameworks/AppleJPEG.framework/Versions/A/AppleJPEG
0x000000001c959000 	/usr/lib/libcups.2.dylib
0x000000001c959000 	/System/Library/Frameworks/Kerberos.framework/Versions/A/Kerberos
0x000000001c959000 	/System/Library/Frameworks/GSS.framework/Versions/A/GSS
0x000000001c959000 	/usr/lib/libresolv.9.dylib
0x000000001c959000 	/usr/lib/libiconv.2.dylib
0x000000001c959000 	/System/Library/PrivateFrameworks/Heimdal.framework/Versions/A/Heimdal
0x000000001c959000 	/usr/lib/libheimdal-asn1.dylib
0x000000001c959000 	/System/Library/Frameworks/OpenDirectory.framework/Versions/A/OpenDirectory
0x000000001c959000 	/System/Library/PrivateFrameworks/CommonAuth.framework/Versions/A/CommonAuth
0x000000001c959000 	/System/Library/Frameworks/OpenDirectory.framework/Versions/A/Frameworks/CFOpenDirectory.framework/Versions/A/CFOpenDirectory
0x000000001c959000 	/System/Library/Frameworks/SecurityFoundation.framework/Versions/A/SecurityFoundation
0x000000001c959000 	/System/Library/PrivateFrameworks/LanguageModeling.framework/Versions/A/LanguageModeling
0x000000001c959000 	/usr/lib/libmarisa.dylib
0x000000001c959000 	/usr/lib/libChineseTokenizer.dylib
0x000000001c959000 	/usr/lib/libcmph.dylib
0x000000001c959000 	/System/Library/PrivateFrameworks/CoreEmoji.framework/Versions/A/CoreEmoji
0x000000001c959000 	/System/Library/Frameworks/ServiceManagement.framework/Versions/A/ServiceManagement
0x000000001c959000 	/usr/lib/libxslt.1.dylib
0x000000001c959000 	/System/Library/Frameworks/Carbon.framework/Versions/A/Frameworks/Ink.framework/Versions/A/Ink
0x000000001c959000 	/System/Library/PrivateFrameworks/TextureIO.framework/Versions/A/TextureIO
0x000000001c959000 	/System/Library/Frameworks/Metal.framework/Versions/A/Metal
0x000000001c959000 	/usr/lib/libate.dylib
0x000000001c959000 	/System/Library/PrivateFrameworks/GPUCompiler.framework/libmetal_timestamp.dylib
0x000000001c959000 	/System/Library/Frameworks/OpenGL.framework/Versions/A/Libraries/libCoreFSCache.dylib
0x000000001c959000 	/System/Library/PrivateFrameworks/IOAccelerator.framework/Versions/A/IOAccelerator
0x000000001c959000 	/System/Library/Frameworks/CoreVideo.framework/Versions/A/CoreVideo
0x000000001c959000 	/usr/lib/libFosl_dynamic.dylib
0x000000001c959000 	/System/Library/PrivateFrameworks/MetalPerformanceShaders.framework/Versions/A/MetalPerformanceShaders
0x000000001c959000 	/System/Library/PrivateFrameworks/FaceCore.framework/Versions/A/FaceCore
0x000000001c959000 	/System/Library/Frameworks/OpenCL.framework/Versions/A/OpenCL
0x000000001c959000 	/System/Library/Frameworks/OpenGL.framework/Versions/A/Libraries/libGLU.dylib
0x000000001c959000 	/System/Library/Frameworks/OpenGL.framework/Versions/A/Libraries/libGFXShared.dylib
0x000000001c959000 	/System/Library/Frameworks/OpenGL.framework/Versions/A/Libraries/libGL.dylib
0x000000001c959000 	/System/Library/Frameworks/OpenGL.framework/Versions/A/Libraries/libGLImage.dylib
0x000000001c959000 	/System/Library/Frameworks/OpenGL.framework/Versions/A/Libraries/libCVMSPluginSupport.dylib
0x000000001c959000 	/System/Library/Frameworks/OpenGL.framework/Versions/A/Libraries/libCoreVMClient.dylib
0x000000001c959000 	/System/Library/PrivateFrameworks/CrashReporterSupport.framework/Versions/A/CrashReporterSupport
0x000000001c959000 	/System/Library/PrivateFrameworks/Sharing.framework/Versions/A/Sharing
0x000000001c959000 	/System/Library/PrivateFrameworks/IconServices.framework/Versions/A/IconServices
0x000000001c959000 	/System/Library/PrivateFrameworks/ProtocolBuffer.framework/Versions/A/ProtocolBuffer
0x000000001c959000 	/System/Library/PrivateFrameworks/Apple80211.framework/Versions/A/Apple80211
0x000000001c959000 	/System/Library/Frameworks/CoreWLAN.framework/Versions/A/CoreWLAN
0x000000001c959000 	/System/Library/PrivateFrameworks/CoreUtils.framework/Versions/A/CoreUtils
0x000000001c959000 	/System/Library/Frameworks/IOBluetooth.framework/Versions/A/IOBluetooth
0x000000001c959000 	/System/Library/PrivateFrameworks/CoreWiFi.framework/Versions/A/CoreWiFi
0x000000001c959000 	/System/Library/Frameworks/CoreBluetooth.framework/Versions/A/CoreBluetooth
0x000000001c959000 	/System/Library/Frameworks/CoreDisplay.framework/Versions/A/CoreDisplay
0x000000001c959000 	/System/Library/PrivateFrameworks/IOPresentment.framework/Versions/A/IOPresentment
0x000000001c959000 	/System/Library/PrivateFrameworks/DSExternalDisplay.framework/Versions/A/DSExternalDisplay
0x000000001c959000 	/System/Library/PrivateFrameworks/DebugSymbols.framework/Versions/A/DebugSymbols
0x000000001c959000 	/System/Library/PrivateFrameworks/CoreSymbolication.framework/Versions/A/CoreSymbolication
0x000000001c959000 	/System/Library/PrivateFrameworks/Symbolication.framework/Versions/A/Symbolication
0x000000001c959000 	/System/Library/PrivateFrameworks/AppleFSCompression.framework/Versions/A/AppleFSCompression
0x000000001c959000 	/System/Library/PrivateFrameworks/SpeechRecognitionCore.framework/Versions/A/SpeechRecognitionCore
0x000000001c959000 	/System/Library/PrivateFrameworks/ChunkingLibrary.framework/Versions/A/ChunkingLibrary
0x0000000105e00000 	/Library/Java/JavaVirtualMachines/jdk1.8.0_131.jdk/Contents/Home/jre/lib/server/libjvm.dylib
0x000000001c959000 	/usr/lib/libstdc++.6.dylib
0x0000000104dcb000 	/Library/Java/JavaVirtualMachines/jdk1.8.0_131.jdk/Contents/Home/jre/lib/libverify.dylib
0x0000000106da3000 	/Library/Java/JavaVirtualMachines/jdk1.8.0_131.jdk/Contents/Home/jre/lib/libjava.dylib
0x0000000104de3000 	/Library/Java/JavaVirtualMachines/jdk1.8.0_131.jdk/Contents/Home/jre/lib/libzip.dylib
0x000000010ae66000 	/System/Library/Frameworks/JavaVM.framework/Frameworks/JavaRuntimeSupport.framework/JavaRuntimeSupport
0x000000010ae80000 	/System/Library/Frameworks/JavaVM.framework/Versions/A/Frameworks/JavaNativeFoundation.framework/Versions/A/JavaNativeFoundation
0x0000000104dec000 	/System/Library/Frameworks/JavaVM.framework/Versions/A/JavaVM
0x000000001c959000 	/System/Library/Frameworks/Carbon.framework/Versions/A/Carbon
0x000000010ae95000 	/System/Library/PrivateFrameworks/JavaLaunching.framework/Versions/A/JavaLaunching
0x000000001c959000 	/System/Library/Frameworks/Carbon.framework/Versions/A/Frameworks/CommonPanels.framework/Versions/A/CommonPanels
0x000000001c959000 	/System/Library/Frameworks/Carbon.framework/Versions/A/Frameworks/Help.framework/Versions/A/Help
0x000000001c959000 	/System/Library/Frameworks/Carbon.framework/Versions/A/Frameworks/ImageCapture.framework/Versions/A/ImageCapture
0x000000001c959000 	/System/Library/Frameworks/Carbon.framework/Versions/A/Frameworks/OpenScripting.framework/Versions/A/OpenScripting
0x000000001c959000 	/System/Library/Frameworks/Carbon.framework/Versions/A/Frameworks/Print.framework/Versions/A/Print
0x000000001c959000 	/System/Library/Frameworks/Carbon.framework/Versions/A/Frameworks/SecurityHI.framework/Versions/A/SecurityHI
0x000000010c80f000 	/Library/Java/JavaVirtualMachines/jdk1.8.0_131.jdk/Contents/Home/jre/lib/libawt.dylib
0x000000010c8b7000 	/Library/Java/JavaVirtualMachines/jdk1.8.0_131.jdk/Contents/Home/jre/lib/./libmlib_image.dylib
0x000000010c983000 	/Library/Java/JavaVirtualMachines/jdk1.8.0_131.jdk/Contents/Home/jre/lib/libawt_lwawt.dylib
0x000000010ca3a000 	/Library/Java/JavaVirtualMachines/jdk1.8.0_131.jdk/Contents/Home/jre/lib/./libosxapp.dylib
0x000000001c959000 	/System/Library/Frameworks/ExceptionHandling.framework/Versions/A/ExceptionHandling
0x000000001c959000 	/System/Library/PrivateFrameworks/CoreServicesInternal.framework/Versions/A/CoreServicesInternal
0x000000001c959000 	/System/Library/CoreServices/RawCamera.bundle/Contents/MacOS/RawCamera
0x000000001c959000 	/System/Library/Frameworks/Accelerate.framework/Versions/A/Frameworks/vImage.framework/Versions/A/Libraries/libCGInterfaces.dylib
0x000000001c959000 	/System/Library/Frameworks/ApplicationServices.framework/Versions/A/Frameworks/ATS.framework/Versions/A/Resources/libTrueTypeScaler.dylib
0x000000010eadb000 	/System/Library/Frameworks/OpenGL.framework/Resources/GLEngine.bundle/GLEngine
0x000000001c959000 	/System/Library/Frameworks/OpenGL.framework/Versions/A/Libraries/libGLProgrammability.dylib
0x000000010ecc0000 	/System/Library/Extensions/AppleIntelHD5000GraphicsGLDriver.bundle/Contents/MacOS/AppleIntelHD5000GraphicsGLDriver
0x000000001c959000 	/System/Library/PrivateFrameworks/GPUSupport.framework/Versions/A/Libraries/libGPUSupportMercury.dylib
0x000000010f42e000 	/System/Library/Frameworks/OpenGL.framework/Resources//GLRendererFloat.bundle/GLRendererFloat
0x000000001c959000 	/System/Library/Frameworks/OpenCL.framework/Versions/A/Libraries/libcldcpuengine.dylib
0x000000001c959000 	/usr/lib/libcrypto.0.9.8.dylib
0x000000001c959000 	/System/Library/PrivateFrameworks/TrustEvaluationAgent.framework/Versions/A/TrustEvaluationAgent
0x000000010f462000 	/System/Library/Extensions/AppleIntelHD5000GraphicsMTLDriver.bundle/Contents/MacOS/AppleIntelHD5000GraphicsMTLDriver
0x000000001c959000 	/System/Library/PrivateFrameworks/FamilyControls.framework/Versions/A/FamilyControls
0x000000001c959000 	/System/Library/PrivateFrameworks/CommerceKit.framework/Versions/A/Frameworks/CommerceCore.framework/Versions/A/CommerceCore
0x000000001c959000 	/System/Library/PrivateFrameworks/SystemAdministration.framework/Versions/A/SystemAdministration
0x000000001c959000 	/System/Library/PrivateFrameworks/AppContainer.framework/Versions/A/AppContainer
0x000000001c959000 	/System/Library/PrivateFrameworks/SecCodeWrapper.framework/Versions/A/SecCodeWrapper
0x000000001c959000 	/System/Library/Frameworks/DirectoryService.framework/Versions/A/DirectoryService
0x000000001c959000 	/System/Library/PrivateFrameworks/DiskImages.framework/Versions/A/DiskImages
0x000000001c959000 	/System/Library/PrivateFrameworks/LoginUIKit.framework/Versions/A/Frameworks/LoginUICore.framework/Versions/A/LoginUICore
0x000000001c959000 	/usr/lib/libCoreStorage.dylib
0x000000001c959000 	/usr/lib/libcsfde.dylib
0x000000001c959000 	/usr/lib/libodfde.dylib
0x000000001c959000 	/System/Library/Frameworks/DiscRecording.framework/Versions/A/DiscRecording
0x000000001c959000 	/usr/lib/libcurl.4.dylib
0x000000001c959000 	/System/Library/PrivateFrameworks/MediaKit.framework/Versions/A/MediaKit
0x000000001c959000 	/System/Library/PrivateFrameworks/ProtectedCloudStorage.framework/Versions/A/ProtectedCloudStorage
0x000000001c959000 	/System/Library/PrivateFrameworks/EFILogin.framework/Versions/A/EFILogin
0x000000001c959000 	/usr/lib/libutil.dylib
0x000000001c959000 	/System/Library/Frameworks/LDAP.framework/Versions/A/LDAP
0x000000001c959000 	/usr/lib/libsasl2.2.dylib
0x000000001c959000 	/System/Library/PrivateFrameworks/CoreDaemon.framework/Versions/B/CoreDaemon
0x000000001c959000 	/System/Library/PrivateFrameworks/AppleSRP.framework/Versions/A/AppleSRP
0x000000001c959000 	/System/Library/PrivateFrameworks/APFS.framework/Versions/A/APFS
0x000000010f93d000 	/Library/Java/JavaVirtualMachines/jdk1.8.0_131.jdk/Contents/Home/jre/lib/libfontmanager.dylib
0x00000001284c7000 	/Library/Java/JavaVirtualMachines/jdk1.8.0_131.jdk/Contents/Home/jre/lib/libosxui.dylib
0x000000001c959000 	/System/Library/PrivateFrameworks/ViewBridge.framework/Versions/A/ViewBridge
0x000000001c959000 	/System/Library/PrivateFrameworks/XPCService.framework/Versions/A/XPCService
0x000000001c959000 	/System/Library/PrivateFrameworks/AppSandbox.framework/Versions/A/AppSandbox
0x000000001c959000 	/usr/lib/libsandbox.1.dylib
0x000000001c959000 	/usr/lib/libMatch.1.dylib
0x000000012a88c000 	/Library/Java/JavaVirtualMachines/jdk1.8.0_131.jdk/Contents/Home/jre/lib/libnet.dylib
0x000000012a68a000 	/Library/Java/JavaVirtualMachines/jdk1.8.0_131.jdk/Contents/Home/jre/lib/libnio.dylib
0x00000001a0163000 	/Library/Java/JavaVirtualMachines/jdk1.8.0_131.jdk/Contents/Home/jre/lib/libsunec.dylib
0x0000000194b6b000 	/Library/Java/JavaVirtualMachines/jdk1.8.0_131.jdk/Contents/Home/jre/lib/libmanagement.dylib

VM Arguments:
java_command: /opt/mflux/bin/aterm.jar
java_class_path (initial): /opt/mflux/bin/aterm.jar
Launcher Type: SUN_STANDARD

Environment Variables:
JAVA_HOME=/Library/Java/JavaVirtualMachines/jdk8/Contents/Home
PATH=/opt/ant/bin:/Users/wliu5/Dropbox/bin:/Library/Java/JavaVirtualMachines/jdk8/Contents/Home/bin:/usr/local/bin:/usr/bin:/bin:/usr/sbin:/sbin:/opt/maven/bin:/opt/dcmtools/bin:/opt/bfg:/opt/iperf:/opt/daris-client:/opt/upload-demo:/opt/bionics-client
SHELL=/bin/bash

Signal Handlers:
SIGSEGV: [libjvm.dylib+0x5b1eb1], sa_mask[0]=11111111011111110111111111111111, sa_flags=SA_ONSTACK|SA_RESTART|SA_SIGINFO
SIGBUS: [libjvm.dylib+0x5b1eb1], sa_mask[0]=11111111011111110111111111111111, sa_flags=SA_RESTART|SA_SIGINFO
SIGFPE: [libjvm.dylib+0x488988], sa_mask[0]=11111111011111110111111111111111, sa_flags=SA_RESTART|SA_SIGINFO
SIGPIPE: [libjvm.dylib+0x488988], sa_mask[0]=11111111011111110111111111111111, sa_flags=SA_RESTART|SA_SIGINFO
SIGXFSZ: [libjvm.dylib+0x488988], sa_mask[0]=11111111011111110111111111111111, sa_flags=SA_RESTART|SA_SIGINFO
SIGILL: [libjvm.dylib+0x488988], sa_mask[0]=11111111011111110111111111111111, sa_flags=SA_RESTART|SA_SIGINFO
SIGUSR1: SIG_DFL, sa_mask[0]=11011111011111100000000111000110, sa_flags=none
SIGUSR2: [libjvm.dylib+0x4884a6], sa_mask[0]=00000000000000000000000000000000, sa_flags=SA_RESTART|SA_SIGINFO
SIGHUP: [libjvm.dylib+0x486a7d], sa_mask[0]=11111111011111110111111111111111, sa_flags=SA_RESTART|SA_SIGINFO
SIGINT: SIG_IGN, sa_mask[0]=00000000000000000000000000000000, sa_flags=none
SIGTERM: [libjvm.dylib+0x486a7d], sa_mask[0]=11111111011111110111111111111111, sa_flags=SA_RESTART|SA_SIGINFO
SIGQUIT: [libjvm.dylib+0x486a7d], sa_mask[0]=11111111011111110111111111111111, sa_flags=SA_RESTART|SA_SIGINFO


---------------  S Y S T E M  ---------------

OS:Bsduname:Darwin 16.6.0 Darwin Kernel Version 16.6.0: Fri Apr 14 16:21:16 PDT 2017; root:xnu-3789.60.24~6/RELEASE_X86_64 x86_64
rlimit: STACK 8192k, CORE 0k, NPROC 709, NOFILE 10240, AS infinity
load average:2.74 2.08 2.05

CPU:total 8 (initial active 8) (4 cores per cpu, 2 threads per core) family 6 model 70 stepping 1, cmov, cx8, fxsr, mmx, sse, sse2, sse3, ssse3, sse4.1, sse4.2, popcnt, avx, avx2, aes, clmul, erms, lzcnt, ht, tsc, tscinvbit, bmi1, bmi2

Memory: 4k page, physical 16777216k(2879220k free)

/proc/meminfo:


vm_info: Java HotSpot(TM) 64-Bit Server VM (25.131-b11) for bsd-amd64 JRE (1.8.0_131-b11), built on Mar 15 2017 01:32:22 by "java_re" with gcc 4.2.1 (Based on Apple Inc. build 5658) (LLVM build 2336.11.00)

time: Sat Aug 19 19:18:47 2017
elapsed time: 37837 seconds (0d 10h 30m 37s)

